Tue 15:10: ########################################## 
Tue 15:10: Compiling.
Tue 15:10: ########################################## 

Tue 15:10: MaxCompiler version: 2014.2.
Tue 15:10: Build Simulation run rule for NBody start time: Tue May 12 15:10:06 BST 2015.
Tue 15:10: Project location: /home/imilankovic/workspace/NBody.
Tue 15:10: Detailed build log: /home/imilankovic/workspace/NBody/RunRules/Simulation/build.log.

Tue 15:10: Compiling Engine Code.
Tue 15:10: Engine building skipped (no changes on .max files).
Tue 15:10: Compiling CPU Code.
Tue 15:10: Run CPU project make files updating
Tue 15:10: Executing command:
Tue 15:10: java -jar /network-raid/opt/maxcompiler-2014.2/lib/MaxIDE/projectAdmin.jar -u /home/imilankovic/workspace/NBody Simulation 
Tue 15:10: Command output:

Tue 15:10: MaxCompiler Project Admin Tool Version 2014.2
Tue 15:10:  Copyright Maxeler Technologies 2010 - 2014. All rights reserved.
Tue 15:10: Handler version 2
Tue 15:10: Updating RunRule dependent Makefiles for RunRule 'Simulation'
Tue 15:10: 	Updating: Simulation
Tue 15:10: Found makefiles: 1
Tue 15:10: 	Updated: Simulation
Tue 15:10: Run CPU make.
Tue 15:10: make RUNRULE=Simulation 
Tue 15:10: Command output:
Tue 15:10: make -f Makefile.rules build
Tue 15:10: make[1]: Entering directory `/home/imilankovic/workspace/NBody/CPUCode'
Tue 15:10: set -e; rm -f ../RunRules/Simulation/objects/c/main.d ;                                                             \
Tue 15:10: 	  cc -M -std=gnu99 -g -O3 -Wall -Wextra -I../RunRules/Simulation/include  -I '/network-raid/opt/maxcompiler-2014.2/include/slic'  -Wno-error main.c > ../RunRules/Simulation/objects/c/main.d.$$ ;                                 \
Tue 15:10:       sed 's,\(main\)\.o[ :]*,../RunRules/Simulation/objects/c/\1.o ../RunRules/Simulation/objects/c/main.d : ,g' < ../RunRules/Simulation/objects/c/main.d.$$ > ../RunRules/Simulation/objects/c/main.d; \
Tue 15:10:       rm -f ../RunRules/Simulation/objects/c/main.d.$$
Tue 15:10: make[1]: Leaving directory `/home/imilankovic/workspace/NBody/CPUCode'
Tue 15:10: make[1]: Entering directory `/home/imilankovic/workspace/NBody/CPUCode'
Tue 15:10: cc -std=gnu99 -g -O3 -Wall -Wextra -I../RunRules/Simulation/include  -I '/network-raid/opt/maxcompiler-2014.2/include/slic'  -c main.c -o ../RunRules/Simulation/objects/c/main.o
Tue 15:10: cc -std=gnu99 -g -O3 -Wall -Wextra -I../RunRules/Simulation/include  -I '/network-raid/opt/maxcompiler-2014.2/include/slic'  -o ../RunRules/Simulation/binaries/NBody ../RunRules/Simulation/objects/maxfiles/slic_NBody.o ../RunRules/Simulation/objects/c/cmdline.o ../RunRules/Simulation/objects/c/main.o -g -O3  -L '/network-raid/opt/maxcompiler-2014.2/lib' -lslic -L '/network-raid/opt/maxeleros-2014.2/maxeleros/lib' -lmaxeleros -lpthread -lm -lrt 
Tue 15:10: make[1]: Leaving directory `/home/imilankovic/workspace/NBody/CPUCode'
Tue 15:10: Build completed: Tue May 12 15:10:08 BST 2015


Tue 15:10: ########################################## 
Tue 15:10: Running
Tue 15:10: ########################################## 
Tue 15:10: Executing command:
Tue 15:10: '/home/imilankovic/workspace/NBody/RunRules/Simulation/binaries/NBody' '-r' 
Tue 15:10: Command output:
Tue 15:10: Running on DFE...

Tue 15:10: Wall clock time:   0.744489    s
Tue 15:10: Run time:          0.744481    s (100.0%)
Tue 15:10: Update time:       5.96046e-06 s (0.0%)
Tue 15:10: DFE execution time: 0.744s
Tue 15:10: Running on CPU...

Tue 15:10: CPU execution time: 0.00126s
Tue 15:10: Speed-up (1 card vs. 1 thread): 0.0x
Tue 15:10: Speed-up (node to node):        0.0x
Tue 15:10: Checking results...
Tue 15:10: PASSED
Tue 15:10: Process terminated with exit code 0.
